# JRE version: OpenJDK Runtime Environment (8.0_152-b01) (build 1.8.0_152-release-915-b01)
# Java VM: OpenJDK 64-Bit Server VM (25.152-b01 mixed mode windows-amd64 compressed oops)
Heap:
 PSYoungGen      total 298496K, used 231108K [0x00000000e0000000, 0x00000000f5300000, 0x0000000100000000)
  eden space 257536K, 75% used [0x00000000e0000000,0x00000000ebe01d68,0x00000000efb80000)
  from space 40960K, 89% used [0x00000000f2400000,0x00000000f47af5e0,0x00000000f4c00000)
  to   space 41472K, 0% used [0x00000000efb80000,0x00000000efb80000,0x00000000f2400000)
 ParOldGen       total 233472K, used 73733K [0x00000000a0000000, 0x00000000ae400000, 0x00000000e0000000)
  object space 233472K, 31% used [0x00000000a0000000,0x00000000a4801798,0x00000000ae400000)
 Metaspace       used 102790K, capacity 109434K, committed 110284K, reserved 1144832K
  class space    used 12844K, capacity 14376K, committed 14592K, reserved 1048576K
GC Heap History (10 events):
Event: 6588.159 GC heap before
{Heap before GC invocations=24 (full 4):
 PSYoungGen      total 242688K, used 213504K [0x00000000e0000000, 0x00000000f3200000, 0x0000000100000000)
  eden space 213504K, 100% used [0x00000000e0000000,0x00000000ed080000,0x00000000ed080000)
  from space 29184K, 0% used [0x00000000ef200000,0x00000000ef200000,0x00000000f0e80000)
  to   space 36352K, 0% used [0x00000000f0e80000,0x00000000f0e80000,0x00000000f3200000)
 ParOldGen       total 233472K, used 73413K [0x00000000a0000000, 0x00000000ae400000, 0x00000000e0000000)
  object space 233472K, 31% used [0x00000000a0000000,0x00000000a47b1780,0x00000000ae400000)
 Metaspace       used 90838K, capacity 96484K, committed 98636K, reserved 1134592K
  class space    used 11614K, capacity 12930K, committed 13440K, reserved 1048576K
Event: 6588.184 GC heap after
Heap after GC invocations=24 (full 4):
 PSYoungGen      total 271360K, used 15054K [0x00000000e0000000, 0x00000000f3c00000, 0x0000000100000000)
  eden space 235008K, 0% used [0x00000000e0000000,0x00000000e0000000,0x00000000ee580000)
  from space 36352K, 41% used [0x00000000f0e80000,0x00000000f1d339e0,0x00000000f3200000)
  to   space 41984K, 0% used [0x00000000ee580000,0x00000000ee580000,0x00000000f0e80000)
 ParOldGen       total 233472K, used 73421K [0x00000000a0000000, 0x00000000ae400000, 0x00000000e0000000)
  object space 233472K, 31% used [0x00000000a0000000,0x00000000a47b3780,0x00000000ae400000)
 Metaspace       used 90838K, capacity 96484K, committed 98636K, reserved 1134592K
  class space    used 11614K, capacity 12930K, committed 13440K, reserved 1048576K
}
Event: 9053.347 GC heap before
{Heap before GC invocations=25 (full 4):
 PSYoungGen      total 271360K, used 250062K [0x00000000e0000000, 0x00000000f3c00000, 0x0000000100000000)
  eden space 235008K, 100% used [0x00000000e0000000,0x00000000ee580000,0x00000000ee580000)
  from space 36352K, 41% used [0x00000000f0e80000,0x00000000f1d339e0,0x00000000f3200000)
  to   space 41984K, 0% used [0x00000000ee580000,0x00000000ee580000,0x00000000f0e80000)
 ParOldGen       total 233472K, used 73421K [0x00000000a0000000, 0x00000000ae400000, 0x00000000e0000000)
  object space 233472K, 31% used [0x00000000a0000000,0x00000000a47b3780,0x00000000ae400000)
 Metaspace       used 91827K, capacity 98036K, committed 99148K, reserved 1134592K
  class space    used 11743K, capacity 13159K, committed 13440K, reserved 1048576K
Event: 9053.573 GC heap after
Heap after GC invocations=25 (full 4):
 PSYoungGen      total 276992K, used 21676K [0x00000000e0000000, 0x00000000f4c00000, 0x0000000100000000)
  eden space 235008K, 0% used [0x00000000e0000000,0x00000000e0000000,0x00000000ee580000)
  from space 41984K, 51% used [0x00000000ee580000,0x00000000efaab098,0x00000000f0e80000)
  to   space 40960K, 0% used [0x00000000f2400000,0x00000000f2400000,0x00000000f4c00000)
 ParOldGen       total 233472K, used 73429K [0x00000000a0000000, 0x00000000ae400000, 0x00000000e0000000)
  object space 233472K, 31% used [0x00000000a0000000,0x00000000a47b5780,0x00000000ae400000)
 Metaspace       used 91827K, capacity 98036K, committed 99148K, reserved 1134592K
  class space    used 11743K, capacity 13159K, committed 13440K, reserved 1048576K
}
Event: 9061.627 GC heap before
{Heap before GC invocations=26 (full 4):
 PSYoungGen      total 276992K, used 256684K [0x00000000e0000000, 0x00000000f4c00000, 0x0000000100000000)
  eden space 235008K, 100% used [0x00000000e0000000,0x00000000ee580000,0x00000000ee580000)
  from space 41984K, 51% used [0x00000000ee580000,0x00000000efaab098,0x00000000f0e80000)
  to   space 40960K, 0% used [0x00000000f2400000,0x00000000f2400000,0x00000000f4c00000)
 ParOldGen       total 233472K, used 73429K [0x00000000a0000000, 0x00000000ae400000, 0x00000000e0000000)
  object space 233472K, 31% used [0x00000000a0000000,0x00000000a47b5780,0x00000000ae400000)
 Metaspace       used 98840K, capacity 105284K, committed 106316K, reserved 1140736K
  class space    used 12502K, capacity 13973K, committed 14208K, reserved 1048576K
Event: 9061.703 GC heap after
Heap after GC invocations=26 (full 4):
 PSYoungGen      total 298496K, used 27205K [0x00000000e0000000, 0x00000000f5300000, 0x0000000100000000)
  eden space 257536K, 0% used [0x00000000e0000000,0x00000000e0000000,0x00000000efb80000)
  from space 40960K, 66% used [0x00000000f2400000,0x00000000f3e91458,0x00000000f4c00000)
  to   space 41472K, 0% used [0x00000000efb80000,0x00000000efb80000,0x00000000f2400000)
 ParOldGen       total 233472K, used 73445K [0x00000000a0000000, 0x00000000ae400000, 0x00000000e0000000)
  object space 233472K, 31% used [0x00000000a0000000,0x00000000a47b9780,0x00000000ae400000)
 Metaspace       used 98840K, capacity 105284K, committed 106316K, reserved 1140736K
  class space    used 12502K, capacity 13973K, committed 14208K, reserved 1048576K
}
Event: 9065.494 GC heap before
{Heap before GC invocations=27 (full 4):
 PSYoungGen      total 298496K, used 284741K [0x00000000e0000000, 0x00000000f5300000, 0x0000000100000000)
  eden space 257536K, 100% used [0x00000000e0000000,0x00000000efb80000,0x00000000efb80000)
  from space 40960K, 66% used [0x00000000f2400000,0x00000000f3e91458,0x00000000f4c00000)
  to   space 41472K, 0% used [0x00000000efb80000,0x00000000efb80000,0x00000000f2400000)
 ParOldGen       total 233472K, used 73445K [0x00000000a0000000, 0x00000000ae400000, 0x00000000e0000000)
  object space 233472K, 31% used [0x00000000a0000000,0x00000000a47b9780,0x00000000ae400000)
 Metaspace       used 102641K, capacity 109234K, committed 110028K, reserved 1144832K
  class space    used 12843K, capacity 14376K, committed 14592K, reserved 1048576K
Event: 9065.658 GC heap after
Heap after GC invocations=27 (full 4):
 PSYoungGen      total 299008K, used 35173K [0x00000000e0000000, 0x00000000f5300000, 0x0000000100000000)
  eden space 257536K, 0% used [0x00000000e0000000,0x00000000e0000000,0x00000000efb80000)
  from space 41472K, 84% used [0x00000000efb80000,0x00000000f1dd9608,0x00000000f2400000)
  to   space 40960K, 0% used [0x00000000f2400000,0x00000000f2400000,0x00000000f4c00000)
 ParOldGen       total 233472K, used 73461K [0x00000000a0000000, 0x00000000ae400000, 0x00000000e0000000)
  object space 233472K, 31% used [0x00000000a0000000,0x00000000a47bd780,0x00000000ae400000)
 Metaspace       used 102641K, capacity 109234K, committed 110028K, reserved 1144832K
  class space    used 12843K, capacity 14376K, committed 14592K, reserved 1048576K
}
Event: 9067.433 GC heap before
{Heap before GC invocations=28 (full 4):
 PSYoungGen      total 299008K, used 292709K [0x00000000e0000000, 0x00000000f5300000, 0x0000000100000000)
  eden space 257536K, 100% used [0x00000000e0000000,0x00000000efb80000,0x00000000efb80000)
  from space 41472K, 84% used [0x00000000efb80000,0x00000000f1dd9608,0x00000000f2400000)
  to   space 40960K, 0% used [0x00000000f2400000,0x00000000f2400000,0x00000000f4c00000)
 ParOldGen       total 233472K, used 73461K [0x00000000a0000000, 0x00000000ae400000, 0x00000000e0000000)
  object space 233472K, 31% used [0x00000000a0000000,0x00000000a47bd780,0x00000000ae400000)
 Metaspace       used 102770K, capacity 109370K, committed 110028K, reserved 1144832K
  class space    used 12844K, capacity 14376K, committed 14592K, reserved 1048576K
Event: 9067.488 GC heap after
Heap after GC invocations=28 (full 4):
 PSYoungGen      total 298496K, used 36541K [0x00000000e0000000, 0x00000000f5300000, 0x0000000100000000)
  eden space 257536K, 0% used [0x00000000e0000000,0x00000000e0000000,0x00000000efb80000)
  from space 40960K, 89% used [0x00000000f2400000,0x00000000f47af5e0,0x00000000f4c00000)
  to   space 41472K, 0% used [0x00000000efb80000,0x00000000efb80000,0x00000000f2400000)
 ParOldGen       total 233472K, used 73733K [0x00000000a0000000, 0x00000000ae400000, 0x00000000e0000000)
  object space 233472K, 31% used [0x00000000a0000000,0x00000000a4801798,0x00000000ae400000)
 Metaspace       used 102770K, capacity 109370K, committed 110028K, reserved 1144832K
  class space    used 12844K, capacity 14376K, committed 14592K, reserved 1048576K
}

